20:20:02.839 [background-preinit] INFO  o.h.validator.internal.util.Version - HV000001: Hibernate Validator 5.4.1.Final
20:20:02.852 [main] INFO  com.lizy.helper.Application - Starting Application using Java 1.8.0_181 on dlionydeMacBook-Pro.local with PID 48202 (/Users/dliony/app_workspace/helper/target/classes started by dliony in /Users/dliony/app_workspace/helper)
20:20:02.852 [main] INFO  com.lizy.helper.Application - The following profiles are active: dev
20:20:03.185 [main] WARN  o.s.b.w.s.c.AnnotationConfigServletWebServerApplicationContext - Exception encountered during context initialization - cancelling refresh attempt: org.springframework.beans.factory.BeanDefinitionStoreException: Failed to parse configuration class [com.lizy.helper.Application]; nested exception is org.springframework.context.annotation.ConflictingBeanDefinitionException: Annotation-specified bean name 'userServiceImpl' for bean class [com.lizy.helper.modules.app.service.impl.UserServiceImpl] conflicts with existing, non-compatible bean definition of same name and class [com.lizy.helper.modules.admin.service.impl.UserServiceImpl]
20:20:03.220 [main] ERROR o.s.boot.SpringApplication - Application run failed
org.springframework.beans.factory.BeanDefinitionStoreException: Failed to parse configuration class [com.lizy.helper.Application]; nested exception is org.springframework.context.annotation.ConflictingBeanDefinitionException: Annotation-specified bean name 'userServiceImpl' for bean class [com.lizy.helper.modules.app.service.impl.UserServiceImpl] conflicts with existing, non-compatible bean definition of same name and class [com.lizy.helper.modules.admin.service.impl.UserServiceImpl]
	at org.springframework.context.annotation.ConfigurationClassParser.parse(ConfigurationClassParser.java:189)
	at org.springframework.context.annotation.ConfigurationClassPostProcessor.processConfigBeanDefinitions(ConfigurationClassPostProcessor.java:331)
	at org.springframework.context.annotation.ConfigurationClassPostProcessor.postProcessBeanDefinitionRegistry(ConfigurationClassPostProcessor.java:247)
	at org.springframework.context.support.PostProcessorRegistrationDelegate.invokeBeanDefinitionRegistryPostProcessors(PostProcessorRegistrationDelegate.java:311)
	at org.springframework.context.support.PostProcessorRegistrationDelegate.invokeBeanFactoryPostProcessors(PostProcessorRegistrationDelegate.java:112)
	at org.springframework.context.support.AbstractApplicationContext.invokeBeanFactoryPostProcessors(AbstractApplicationContext.java:746)
	at org.springframework.context.support.AbstractApplicationContext.refresh(AbstractApplicationContext.java:564)
	at org.springframework.boot.web.servlet.context.ServletWebServerApplicationContext.refresh(ServletWebServerApplicationContext.java:145)
	at org.springframework.boot.SpringApplication.refresh(SpringApplication.java:754)
	at org.springframework.boot.SpringApplication.refreshContext(SpringApplication.java:434)
	at org.springframework.boot.SpringApplication.run(SpringApplication.java:338)
	at org.springframework.boot.SpringApplication.run(SpringApplication.java:1343)
	at org.springframework.boot.SpringApplication.run(SpringApplication.java:1332)
	at com.lizy.helper.Application.main(Application.java:19)
Caused by: org.springframework.context.annotation.ConflictingBeanDefinitionException: Annotation-specified bean name 'userServiceImpl' for bean class [com.lizy.helper.modules.app.service.impl.UserServiceImpl] conflicts with existing, non-compatible bean definition of same name and class [com.lizy.helper.modules.admin.service.impl.UserServiceImpl]
	at org.springframework.context.annotation.ClassPathBeanDefinitionScanner.checkCandidate(ClassPathBeanDefinitionScanner.java:349)
	at org.springframework.context.annotation.ClassPathBeanDefinitionScanner.doScan(ClassPathBeanDefinitionScanner.java:287)
	at org.springframework.context.annotation.ComponentScanAnnotationParser.parse(ComponentScanAnnotationParser.java:132)
	at org.springframework.context.annotation.ConfigurationClassParser.doProcessConfigurationClass(ConfigurationClassParser.java:296)
	at org.springframework.context.annotation.ConfigurationClassParser.processConfigurationClass(ConfigurationClassParser.java:250)
	at org.springframework.context.annotation.ConfigurationClassParser.parse(ConfigurationClassParser.java:207)
	at org.springframework.context.annotation.ConfigurationClassParser.parse(ConfigurationClassParser.java:175)
	... 13 common frames omitted
20:21:31.489 [background-preinit] INFO  o.h.validator.internal.util.Version - HV000001: Hibernate Validator 5.4.1.Final
20:21:31.504 [main] INFO  com.lizy.helper.Application - Starting Application using Java 1.8.0_181 on dlionydeMacBook-Pro.local with PID 48318 (/Users/dliony/app_workspace/helper/target/classes started by dliony in /Users/dliony/app_workspace/helper)
20:21:31.504 [main] INFO  com.lizy.helper.Application - The following profiles are active: dev
20:21:31.864 [main] WARN  o.s.b.w.s.c.AnnotationConfigServletWebServerApplicationContext - Exception encountered during context initialization - cancelling refresh attempt: org.springframework.beans.factory.BeanDefinitionStoreException: Failed to parse configuration class [com.lizy.helper.Application]; nested exception is org.springframework.context.annotation.ConflictingBeanDefinitionException: Annotation-specified bean name 'userServiceImpl' for bean class [com.lizy.helper.modules.app.service.impl.UserServiceImpl] conflicts with existing, non-compatible bean definition of same name and class [com.lizy.helper.modules.admin.service.impl.UserServiceImpl]
20:21:31.902 [main] ERROR o.s.boot.SpringApplication - Application run failed
org.springframework.beans.factory.BeanDefinitionStoreException: Failed to parse configuration class [com.lizy.helper.Application]; nested exception is org.springframework.context.annotation.ConflictingBeanDefinitionException: Annotation-specified bean name 'userServiceImpl' for bean class [com.lizy.helper.modules.app.service.impl.UserServiceImpl] conflicts with existing, non-compatible bean definition of same name and class [com.lizy.helper.modules.admin.service.impl.UserServiceImpl]
	at org.springframework.context.annotation.ConfigurationClassParser.parse(ConfigurationClassParser.java:189)
	at org.springframework.context.annotation.ConfigurationClassPostProcessor.processConfigBeanDefinitions(ConfigurationClassPostProcessor.java:331)
	at org.springframework.context.annotation.ConfigurationClassPostProcessor.postProcessBeanDefinitionRegistry(ConfigurationClassPostProcessor.java:247)
	at org.springframework.context.support.PostProcessorRegistrationDelegate.invokeBeanDefinitionRegistryPostProcessors(PostProcessorRegistrationDelegate.java:311)
	at org.springframework.context.support.PostProcessorRegistrationDelegate.invokeBeanFactoryPostProcessors(PostProcessorRegistrationDelegate.java:112)
	at org.springframework.context.support.AbstractApplicationContext.invokeBeanFactoryPostProcessors(AbstractApplicationContext.java:746)
	at org.springframework.context.support.AbstractApplicationContext.refresh(AbstractApplicationContext.java:564)
	at org.springframework.boot.web.servlet.context.ServletWebServerApplicationContext.refresh(ServletWebServerApplicationContext.java:145)
	at org.springframework.boot.SpringApplication.refresh(SpringApplication.java:754)
	at org.springframework.boot.SpringApplication.refreshContext(SpringApplication.java:434)
	at org.springframework.boot.SpringApplication.run(SpringApplication.java:338)
	at org.springframework.boot.SpringApplication.run(SpringApplication.java:1343)
	at org.springframework.boot.SpringApplication.run(SpringApplication.java:1332)
	at com.lizy.helper.Application.main(Application.java:19)
Caused by: org.springframework.context.annotation.ConflictingBeanDefinitionException: Annotation-specified bean name 'userServiceImpl' for bean class [com.lizy.helper.modules.app.service.impl.UserServiceImpl] conflicts with existing, non-compatible bean definition of same name and class [com.lizy.helper.modules.admin.service.impl.UserServiceImpl]
	at org.springframework.context.annotation.ClassPathBeanDefinitionScanner.checkCandidate(ClassPathBeanDefinitionScanner.java:349)
	at org.springframework.context.annotation.ClassPathBeanDefinitionScanner.doScan(ClassPathBeanDefinitionScanner.java:287)
	at org.springframework.context.annotation.ComponentScanAnnotationParser.parse(ComponentScanAnnotationParser.java:132)
	at org.springframework.context.annotation.ConfigurationClassParser.doProcessConfigurationClass(ConfigurationClassParser.java:296)
	at org.springframework.context.annotation.ConfigurationClassParser.processConfigurationClass(ConfigurationClassParser.java:250)
	at org.springframework.context.annotation.ConfigurationClassParser.parse(ConfigurationClassParser.java:207)
	at org.springframework.context.annotation.ConfigurationClassParser.parse(ConfigurationClassParser.java:175)
	... 13 common frames omitted
20:22:44.607 [background-preinit] INFO  o.h.validator.internal.util.Version - HV000001: Hibernate Validator 5.4.1.Final
20:22:44.619 [main] INFO  com.lizy.helper.Application - Starting Application using Java 1.8.0_181 on dlionydeMacBook-Pro.local with PID 48396 (/Users/dliony/app_workspace/helper/target/classes started by dliony in /Users/dliony/app_workspace/helper)
20:22:44.620 [main] INFO  com.lizy.helper.Application - The following profiles are active: dev
20:22:44.969 [main] WARN  o.s.b.w.s.c.AnnotationConfigServletWebServerApplicationContext - Exception encountered during context initialization - cancelling refresh attempt: org.springframework.beans.factory.BeanDefinitionStoreException: Failed to parse configuration class [com.lizy.helper.Application]; nested exception is org.springframework.context.annotation.ConflictingBeanDefinitionException: Annotation-specified bean name 'userServiceImpl' for bean class [com.lizy.helper.modules.app.service.impl.UserServiceImpl] conflicts with existing, non-compatible bean definition of same name and class [com.lizy.helper.modules.admin.service.impl.UserServiceImpl]
20:22:45.007 [main] ERROR o.s.boot.SpringApplication - Application run failed
org.springframework.beans.factory.BeanDefinitionStoreException: Failed to parse configuration class [com.lizy.helper.Application]; nested exception is org.springframework.context.annotation.ConflictingBeanDefinitionException: Annotation-specified bean name 'userServiceImpl' for bean class [com.lizy.helper.modules.app.service.impl.UserServiceImpl] conflicts with existing, non-compatible bean definition of same name and class [com.lizy.helper.modules.admin.service.impl.UserServiceImpl]
	at org.springframework.context.annotation.ConfigurationClassParser.parse(ConfigurationClassParser.java:189)
	at org.springframework.context.annotation.ConfigurationClassPostProcessor.processConfigBeanDefinitions(ConfigurationClassPostProcessor.java:331)
	at org.springframework.context.annotation.ConfigurationClassPostProcessor.postProcessBeanDefinitionRegistry(ConfigurationClassPostProcessor.java:247)
	at org.springframework.context.support.PostProcessorRegistrationDelegate.invokeBeanDefinitionRegistryPostProcessors(PostProcessorRegistrationDelegate.java:311)
	at org.springframework.context.support.PostProcessorRegistrationDelegate.invokeBeanFactoryPostProcessors(PostProcessorRegistrationDelegate.java:112)
	at org.springframework.context.support.AbstractApplicationContext.invokeBeanFactoryPostProcessors(AbstractApplicationContext.java:746)
	at org.springframework.context.support.AbstractApplicationContext.refresh(AbstractApplicationContext.java:564)
	at org.springframework.boot.web.servlet.context.ServletWebServerApplicationContext.refresh(ServletWebServerApplicationContext.java:145)
	at org.springframework.boot.SpringApplication.refresh(SpringApplication.java:754)
	at org.springframework.boot.SpringApplication.refreshContext(SpringApplication.java:434)
	at org.springframework.boot.SpringApplication.run(SpringApplication.java:338)
	at org.springframework.boot.SpringApplication.run(SpringApplication.java:1343)
	at org.springframework.boot.SpringApplication.run(SpringApplication.java:1332)
	at com.lizy.helper.Application.main(Application.java:19)
Caused by: org.springframework.context.annotation.ConflictingBeanDefinitionException: Annotation-specified bean name 'userServiceImpl' for bean class [com.lizy.helper.modules.app.service.impl.UserServiceImpl] conflicts with existing, non-compatible bean definition of same name and class [com.lizy.helper.modules.admin.service.impl.UserServiceImpl]
	at org.springframework.context.annotation.ClassPathBeanDefinitionScanner.checkCandidate(ClassPathBeanDefinitionScanner.java:349)
	at org.springframework.context.annotation.ClassPathBeanDefinitionScanner.doScan(ClassPathBeanDefinitionScanner.java:287)
	at org.springframework.context.annotation.ComponentScanAnnotationParser.parse(ComponentScanAnnotationParser.java:132)
	at org.springframework.context.annotation.ConfigurationClassParser.doProcessConfigurationClass(ConfigurationClassParser.java:296)
	at org.springframework.context.annotation.ConfigurationClassParser.processConfigurationClass(ConfigurationClassParser.java:250)
	at org.springframework.context.annotation.ConfigurationClassParser.parse(ConfigurationClassParser.java:207)
	at org.springframework.context.annotation.ConfigurationClassParser.parse(ConfigurationClassParser.java:175)
	... 13 common frames omitted
20:23:47.080 [background-preinit] INFO  o.h.validator.internal.util.Version - HV000001: Hibernate Validator 5.4.1.Final
20:23:47.100 [main] INFO  com.lizy.helper.Application - Starting Application using Java 1.8.0_181 on dlionydeMacBook-Pro.local with PID 48474 (/Users/dliony/app_workspace/helper/target/classes started by dliony in /Users/dliony/app_workspace/helper)
20:23:47.100 [main] INFO  com.lizy.helper.Application - The following profiles are active: dev
20:23:48.607 [main] INFO  o.s.b.w.e.tomcat.TomcatWebServer - Tomcat initialized with port(s): 9280 (http)
20:23:48.617 [main] INFO  o.a.coyote.http11.Http11NioProtocol - Initializing ProtocolHandler ["http-nio-9280"]
20:23:48.618 [main] INFO  o.a.catalina.core.StandardService - Starting service [Tomcat]
20:23:48.618 [main] INFO  o.a.catalina.core.StandardEngine - Starting Servlet engine: [Apache Tomcat/9.0.52]
20:23:48.693 [main] INFO  o.a.c.c.C.[Tomcat].[localhost].[/] - Initializing Spring embedded WebApplicationContext
20:23:48.693 [main] INFO  o.s.b.w.s.c.ServletWebServerApplicationContext - Root WebApplicationContext: initialization completed in 1535 ms
20:23:48.917 [main] INFO  com.zaxxer.hikari.HikariDataSource - HikariPool-1 - Starting...
20:23:49.281 [main] INFO  com.zaxxer.hikari.HikariDataSource - HikariPool-1 - Start completed.
20:23:50.017 [main] INFO  o.s.s.web.DefaultSecurityFilterChain - Will secure Ant [pattern='/favicon.ico', GET] with []
20:23:50.017 [main] INFO  o.s.s.web.DefaultSecurityFilterChain - Will secure Ant [pattern='/**/*.png', GET] with []
20:23:50.017 [main] INFO  o.s.s.web.DefaultSecurityFilterChain - Will secure Ant [pattern='/**/*.ttf', GET] with []
20:23:50.017 [main] INFO  o.s.s.web.DefaultSecurityFilterChain - Will secure Ant [pattern='/*.html', GET] with []
20:23:50.017 [main] INFO  o.s.s.web.DefaultSecurityFilterChain - Will secure Ant [pattern='/**/*.css', GET] with []
20:23:50.017 [main] INFO  o.s.s.web.DefaultSecurityFilterChain - Will secure Ant [pattern='/**/*.js', GET] with []
20:23:50.059 [main] INFO  o.s.s.web.DefaultSecurityFilterChain - Will secure Ant [pattern='/**'] with [org.springframework.security.web.context.request.async.WebAsyncManagerIntegrationFilter@166b11e, org.springframework.security.web.context.SecurityContextPersistenceFilter@50f4b83d, org.springframework.security.web.header.HeaderWriterFilter@7f4e5a39, org.springframework.web.filter.CorsFilter@4ef18604, org.springframework.security.web.authentication.logout.LogoutFilter@4628a02b, com.lizy.helper.security.filter.AdminAuthenticationProcessingFilter@7ec08115, com.lizy.helper.security.filter.MyAuthenticationFilter@48bc2fce, org.springframework.security.web.savedrequest.RequestCacheAwareFilter@c5e69a5, org.springframework.security.web.servletapi.SecurityContextHolderAwareRequestFilter@69feb4d9, org.springframework.security.web.authentication.rememberme.RememberMeAuthenticationFilter@2fbd390, org.springframework.security.web.authentication.AnonymousAuthenticationFilter@5e68be2, org.springframework.security.web.session.SessionManagementFilter@30159886, org.springframework.security.web.access.ExceptionTranslationFilter@38c761e9, org.springframework.security.web.access.intercept.FilterSecurityInterceptor@104a287c]
20:23:50.592 [main] INFO  o.a.coyote.http11.Http11NioProtocol - Starting ProtocolHandler ["http-nio-9280"]
20:23:50.620 [main] INFO  o.s.b.w.e.tomcat.TomcatWebServer - Tomcat started on port(s): 9280 (http) with context path ''
20:23:50.630 [main] INFO  com.lizy.helper.Application - Started Application in 4.068 seconds (JVM running for 4.765)
20:46:26.279 [http-nio-9280-exec-1] INFO  o.a.c.c.C.[Tomcat].[localhost].[/] - Initializing Spring DispatcherServlet 'dispatcherServlet'
20:46:26.280 [http-nio-9280-exec-1] INFO  o.s.web.servlet.DispatcherServlet - Initializing Servlet 'dispatcherServlet'
20:46:26.285 [http-nio-9280-exec-1] INFO  o.s.web.servlet.DispatcherServlet - Completed initialization in 4 ms
20:46:26.328 [http-nio-9280-exec-1] INFO  c.l.h.s.f.MyAuthenticationFilter - `/app/login` 接收到的参数: 
20:46:26.579 [http-nio-9280-exec-2] INFO  c.l.h.s.f.MyAuthenticationFilter - `/favicon.ico` 接收到的参数: 
20:46:31.659 [http-nio-9280-exec-2] WARN  com.zaxxer.hikari.pool.PoolBase - HikariPool-1 - Failed to validate connection com.mysql.cj.jdbc.ConnectionImpl@274b9981 (No operations allowed after connection closed.). Possibly consider using a shorter maxLifetime value.
20:46:35.129 [http-nio-9280-exec-3] INFO  c.l.h.s.f.MyAuthenticationFilter - `/login` 接收到的参数: 
20:46:35.239 [http-nio-9280-exec-4] INFO  c.l.h.s.f.MyAuthenticationFilter - `/favicon.ico` 接收到的参数: 
20:46:36.666 [http-nio-9280-exec-2] WARN  com.zaxxer.hikari.pool.PoolBase - HikariPool-1 - Failed to validate connection com.mysql.cj.jdbc.ConnectionImpl@304b0edb (No operations allowed after connection closed.). Possibly consider using a shorter maxLifetime value.
20:46:40.246 [http-nio-9280-exec-4] WARN  com.zaxxer.hikari.pool.PoolBase - HikariPool-1 - Failed to validate connection com.mysql.cj.jdbc.ConnectionImpl@7c1737e0 (No operations allowed after connection closed.). Possibly consider using a shorter maxLifetime value.
20:46:41.674 [http-nio-9280-exec-2] WARN  com.zaxxer.hikari.pool.PoolBase - HikariPool-1 - Failed to validate connection com.mysql.cj.jdbc.ConnectionImpl@7f6165ae (No operations allowed after connection closed.). Possibly consider using a shorter maxLifetime value.
20:46:45.249 [http-nio-9280-exec-4] WARN  com.zaxxer.hikari.pool.PoolBase - HikariPool-1 - Failed to validate connection com.mysql.cj.jdbc.ConnectionImpl@3915a606 (No operations allowed after connection closed.). Possibly consider using a shorter maxLifetime value.
20:46:46.681 [http-nio-9280-exec-2] WARN  com.zaxxer.hikari.pool.PoolBase - HikariPool-1 - Failed to validate connection com.mysql.cj.jdbc.ConnectionImpl@39dc5bf1 (No operations allowed after connection closed.). Possibly consider using a shorter maxLifetime value.
20:46:46.702 [http-nio-9280-exec-2] WARN  com.zaxxer.hikari.pool.PoolBase - HikariPool-1 - Failed to validate connection com.mysql.cj.jdbc.ConnectionImpl@22bbf23a (No operations allowed after connection closed.). Possibly consider using a shorter maxLifetime value.
20:46:46.724 [http-nio-9280-exec-2] WARN  com.zaxxer.hikari.pool.PoolBase - HikariPool-1 - Failed to validate connection com.mysql.cj.jdbc.ConnectionImpl@5603bfd6 (No operations allowed after connection closed.). Possibly consider using a shorter maxLifetime value.
20:46:50.253 [http-nio-9280-exec-4] WARN  com.zaxxer.hikari.pool.PoolBase - HikariPool-1 - Failed to validate connection com.mysql.cj.jdbc.ConnectionImpl@35126668 (No operations allowed after connection closed.). Possibly consider using a shorter maxLifetime value.
20:46:51.732 [http-nio-9280-exec-2] WARN  com.zaxxer.hikari.pool.PoolBase - HikariPool-1 - Failed to validate connection com.mysql.cj.jdbc.ConnectionImpl@d5b6534 (No operations allowed after connection closed.). Possibly consider using a shorter maxLifetime value.
20:48:19.860 [http-nio-9280-exec-6] INFO  c.l.h.s.f.MyAuthenticationFilter - `/login` 接收到的参数: 
21:25:55.783 [http-nio-9280-exec-9] WARN  com.zaxxer.hikari.pool.PoolBase - HikariPool-1 - Failed to validate connection com.mysql.cj.jdbc.ConnectionImpl@592a346e (No operations allowed after connection closed.). Possibly consider using a shorter maxLifetime value.
21:26:00.790 [http-nio-9280-exec-9] WARN  com.zaxxer.hikari.pool.PoolBase - HikariPool-1 - Failed to validate connection com.mysql.cj.jdbc.ConnectionImpl@75d7064a (No operations allowed after connection closed.). Possibly consider using a shorter maxLifetime value.
21:46:24.050 [http-nio-9280-exec-4] WARN  com.zaxxer.hikari.pool.PoolBase - HikariPool-1 - Failed to validate connection com.mysql.cj.jdbc.ConnectionImpl@4d9ec6cf (No operations allowed after connection closed.). Possibly consider using a shorter maxLifetime value.
21:46:24.624 [http-nio-9280-exec-2] WARN  com.zaxxer.hikari.pool.PoolBase - HikariPool-1 - Failed to validate connection com.mysql.cj.jdbc.ConnectionImpl@4739a6a5 (No operations allowed after connection closed.). Possibly consider using a shorter maxLifetime value.
21:46:29.065 [http-nio-9280-exec-4] WARN  com.zaxxer.hikari.pool.PoolBase - HikariPool-1 - Failed to validate connection com.mysql.cj.jdbc.ConnectionImpl@1b4b8a64 (No operations allowed after connection closed.). Possibly consider using a shorter maxLifetime value.
21:46:29.638 [http-nio-9280-exec-2] WARN  com.zaxxer.hikari.pool.PoolBase - HikariPool-1 - Failed to validate connection com.mysql.cj.jdbc.ConnectionImpl@3c2abbc4 (No operations allowed after connection closed.). Possibly consider using a shorter maxLifetime value.
21:59:08.620 [http-nio-9280-exec-7] WARN  com.zaxxer.hikari.pool.PoolBase - HikariPool-1 - Failed to validate connection com.mysql.cj.jdbc.ConnectionImpl@56321d99 (No operations allowed after connection closed.). Possibly consider using a shorter maxLifetime value.
21:59:13.632 [http-nio-9280-exec-7] WARN  com.zaxxer.hikari.pool.PoolBase - HikariPool-1 - Failed to validate connection com.mysql.cj.jdbc.ConnectionImpl@672e0ead (No operations allowed after connection closed.). Possibly consider using a shorter maxLifetime value.
21:59:18.535 [http-nio-9280-exec-8] WARN  com.zaxxer.hikari.pool.PoolBase - HikariPool-1 - Failed to validate connection com.mysql.cj.jdbc.ConnectionImpl@743927b2 (No operations allowed after connection closed.). Possibly consider using a shorter maxLifetime value.
21:59:18.639 [http-nio-9280-exec-7] WARN  com.zaxxer.hikari.pool.PoolBase - HikariPool-1 - Failed to validate connection com.mysql.cj.jdbc.ConnectionImpl@361de2d6 (No operations allowed after connection closed.). Possibly consider using a shorter maxLifetime value.
21:59:23.542 [http-nio-9280-exec-8] WARN  com.zaxxer.hikari.pool.PoolBase - HikariPool-1 - Failed to validate connection com.mysql.cj.jdbc.ConnectionImpl@51c62ea4 (No operations allowed after connection closed.). Possibly consider using a shorter maxLifetime value.
21:59:23.643 [http-nio-9280-exec-7] WARN  com.zaxxer.hikari.pool.PoolBase - HikariPool-1 - Failed to validate connection com.mysql.cj.jdbc.ConnectionImpl@23ab4d19 (No operations allowed after connection closed.). Possibly consider using a shorter maxLifetime value.
21:59:28.547 [http-nio-9280-exec-8] WARN  com.zaxxer.hikari.pool.PoolBase - HikariPool-1 - Failed to validate connection com.mysql.cj.jdbc.ConnectionImpl@2519dcf1 (No operations allowed after connection closed.). Possibly consider using a shorter maxLifetime value.
21:59:28.648 [http-nio-9280-exec-7] WARN  com.zaxxer.hikari.pool.PoolBase - HikariPool-1 - Failed to validate connection com.mysql.cj.jdbc.ConnectionImpl@346764a7 (No operations allowed after connection closed.). Possibly consider using a shorter maxLifetime value.
21:59:33.571 [http-nio-9280-exec-8] WARN  com.zaxxer.hikari.pool.PoolBase - HikariPool-1 - Failed to validate connection com.mysql.cj.jdbc.ConnectionImpl@1728afa4 (No operations allowed after connection closed.). Possibly consider using a shorter maxLifetime value.
21:59:33.656 [http-nio-9280-exec-7] WARN  com.zaxxer.hikari.pool.PoolBase - HikariPool-1 - Failed to validate connection com.mysql.cj.jdbc.ConnectionImpl@6b016c86 (No operations allowed after connection closed.). Possibly consider using a shorter maxLifetime value.
21:59:33.710 [http-nio-9280-exec-7] ERROR o.a.c.c.C.[.[.[.[dispatcherServlet] - Servlet.service() for servlet [dispatcherServlet] in context with path [] threw exception
org.mybatis.spring.MyBatisSystemException: nested exception is org.apache.ibatis.exceptions.PersistenceException: 
### Error querying database.  Cause: org.springframework.jdbc.CannotGetJdbcConnectionException: Failed to obtain JDBC Connection; nested exception is java.sql.SQLTransientConnectionException: HikariPool-1 - Connection is not available, request timed out after 30043ms.
### The error may exist in com/lizy/helper/modules/admin/mapper/UserMapper.java (best guess)
### The error may involve com.lizy.helper.modules.admin.mapper.UserMapper.selectList
### The error occurred while executing a query
### Cause: org.springframework.jdbc.CannotGetJdbcConnectionException: Failed to obtain JDBC Connection; nested exception is java.sql.SQLTransientConnectionException: HikariPool-1 - Connection is not available, request timed out after 30043ms.
	at org.mybatis.spring.MyBatisExceptionTranslator.translateExceptionIfPossible(MyBatisExceptionTranslator.java:77)
	at org.mybatis.spring.SqlSessionTemplate$SqlSessionInterceptor.invoke(SqlSessionTemplate.java:446)
	at com.sun.proxy.$Proxy86.selectList(Unknown Source)
	at org.mybatis.spring.SqlSessionTemplate.selectList(SqlSessionTemplate.java:230)
	at org.apache.ibatis.binding.MapperMethod.executeForMany(MapperMethod.java:139)
	at org.apache.ibatis.binding.MapperMethod.execute(MapperMethod.java:76)
	at org.apache.ibatis.binding.MapperProxy.invoke(MapperProxy.java:59)
	at com.sun.proxy.$Proxy99.selectList(Unknown Source)
	at com.lizy.helper.security.service.impl.UserDetailsServiceImpl.loadUserByUsername(UserDetailsServiceImpl.java:44)
	at com.lizy.helper.security.login.AdminAuthenticationProvider.authenticate(AdminAuthenticationProvider.java:36)
	at com.lizy.helper.security.login.CusAuthenticationManager.authenticate(CusAuthenticationManager.java:27)
	at com.lizy.helper.security.filter.AdminAuthenticationProcessingFilter.attemptAuthentication(AdminAuthenticationProcessingFilter.java:59)
	at org.springframework.security.web.authentication.AbstractAuthenticationProcessingFilter.doFilter(AbstractAuthenticationProcessingFilter.java:222)
	at org.springframework.security.web.authentication.AbstractAuthenticationProcessingFilter.doFilter(AbstractAuthenticationProcessingFilter.java:212)
	at org.springframework.security.web.FilterChainProxy$VirtualFilterChain.doFilter(FilterChainProxy.java:336)
	at org.springframework.security.web.authentication.logout.LogoutFilter.doFilter(LogoutFilter.java:103)
	at org.springframework.security.web.authentication.logout.LogoutFilter.doFilter(LogoutFilter.java:89)
	at org.springframework.security.web.FilterChainProxy$VirtualFilterChain.doFilter(FilterChainProxy.java:336)
	at org.springframework.web.filter.CorsFilter.doFilterInternal(CorsFilter.java:91)
	at org.springframework.web.filter.OncePerRequestFilter.doFilter(OncePerRequestFilter.java:119)
	at org.springframework.security.web.FilterChainProxy$VirtualFilterChain.doFilter(FilterChainProxy.java:336)
	at org.springframework.security.web.header.HeaderWriterFilter.doHeadersAfter(HeaderWriterFilter.java:90)
	at org.springframework.security.web.header.HeaderWriterFilter.doFilterInternal(HeaderWriterFilter.java:75)
	at org.springframework.web.filter.OncePerRequestFilter.doFilter(OncePerRequestFilter.java:119)
	at org.springframework.security.web.FilterChainProxy$VirtualFilterChain.doFilter(FilterChainProxy.java:336)
	at org.springframework.security.web.context.SecurityContextPersistenceFilter.doFilter(SecurityContextPersistenceFilter.java:110)
	at org.springframework.security.web.context.SecurityContextPersistenceFilter.doFilter(SecurityContextPersistenceFilter.java:80)
	at org.springframework.security.web.FilterChainProxy$VirtualFilterChain.doFilter(FilterChainProxy.java:336)
	at org.springframework.security.web.context.request.async.WebAsyncManagerIntegrationFilter.doFilterInternal(WebAsyncManagerIntegrationFilter.java:55)
	at org.springframework.web.filter.OncePerRequestFilter.doFilter(OncePerRequestFilter.java:119)
	at org.springframework.security.web.FilterChainProxy$VirtualFilterChain.doFilter(FilterChainProxy.java:336)
	at org.springframework.security.web.FilterChainProxy.doFilterInternal(FilterChainProxy.java:211)
	at org.springframework.security.web.FilterChainProxy.doFilter(FilterChainProxy.java:183)
	at org.springframework.web.filter.DelegatingFilterProxy.invokeDelegate(DelegatingFilterProxy.java:358)
	at org.springframework.web.filter.DelegatingFilterProxy.doFilter(DelegatingFilterProxy.java:271)
	at org.apache.catalina.core.ApplicationFilterChain.internalDoFilter(ApplicationFilterChain.java:189)
	at org.apache.catalina.core.ApplicationFilterChain.doFilter(ApplicationFilterChain.java:162)
	at org.springframework.web.filter.RequestContextFilter.doFilterInternal(RequestContextFilter.java:100)
	at org.springframework.web.filter.OncePerRequestFilter.doFilter(OncePerRequestFilter.java:119)
	at org.apache.catalina.core.ApplicationFilterChain.internalDoFilter(ApplicationFilterChain.java:189)
	at org.apache.catalina.core.ApplicationFilterChain.doFilter(ApplicationFilterChain.java:162)
	at org.springframework.web.filter.FormContentFilter.doFilterInternal(FormContentFilter.java:93)
	at org.springframework.web.filter.OncePerRequestFilter.doFilter(OncePerRequestFilter.java:119)
	at org.apache.catalina.core.ApplicationFilterChain.internalDoFilter(ApplicationFilterChain.java:189)
	at org.apache.catalina.core.ApplicationFilterChain.doFilter(ApplicationFilterChain.java:162)
	at org.springframework.web.filter.CharacterEncodingFilter.doFilterInternal(CharacterEncodingFilter.java:201)
	at org.springframework.web.filter.OncePerRequestFilter.doFilter(OncePerRequestFilter.java:119)
	at org.apache.catalina.core.ApplicationFilterChain.internalDoFilter(ApplicationFilterChain.java:189)
	at org.apache.catalina.core.ApplicationFilterChain.doFilter(ApplicationFilterChain.java:162)
	at org.apache.catalina.core.StandardWrapperValve.invoke(StandardWrapperValve.java:197)
	at org.apache.catalina.core.StandardContextValve.invoke(StandardContextValve.java:97)
	at org.apache.catalina.authenticator.AuthenticatorBase.invoke(AuthenticatorBase.java:542)
	at org.apache.catalina.core.StandardHostValve.invoke(StandardHostValve.java:135)
	at org.apache.catalina.valves.ErrorReportValve.invoke(ErrorReportValve.java:92)
	at org.apache.catalina.core.StandardEngineValve.invoke(StandardEngineValve.java:78)
	at org.apache.catalina.connector.CoyoteAdapter.service(CoyoteAdapter.java:357)
	at org.apache.coyote.http11.Http11Processor.service(Http11Processor.java:382)
	at org.apache.coyote.AbstractProcessorLight.process(AbstractProcessorLight.java:65)
	at org.apache.coyote.AbstractProtocol$ConnectionHandler.process(AbstractProtocol.java:893)
	at org.apache.tomcat.util.net.NioEndpoint$SocketProcessor.doRun(NioEndpoint.java:1726)
	at org.apache.tomcat.util.net.SocketProcessorBase.run(SocketProcessorBase.java:49)
	at org.apache.tomcat.util.threads.ThreadPoolExecutor.runWorker(ThreadPoolExecutor.java:1191)
	at org.apache.tomcat.util.threads.ThreadPoolExecutor$Worker.run(ThreadPoolExecutor.java:659)
	at org.apache.tomcat.util.threads.TaskThread$WrappingRunnable.run(TaskThread.java:61)
	at java.lang.Thread.run(Thread.java:748)
Caused by: org.apache.ibatis.exceptions.PersistenceException: 
### Error querying database.  Cause: org.springframework.jdbc.CannotGetJdbcConnectionException: Failed to obtain JDBC Connection; nested exception is java.sql.SQLTransientConnectionException: HikariPool-1 - Connection is not available, request timed out after 30043ms.
### The error may exist in com/lizy/helper/modules/admin/mapper/UserMapper.java (best guess)
### The error may involve com.lizy.helper.modules.admin.mapper.UserMapper.selectList
### The error occurred while executing a query
### Cause: org.springframework.jdbc.CannotGetJdbcConnectionException: Failed to obtain JDBC Connection; nested exception is java.sql.SQLTransientConnectionException: HikariPool-1 - Connection is not available, request timed out after 30043ms.
	at org.apache.ibatis.exceptions.ExceptionFactory.wrapException(ExceptionFactory.java:30)
	at org.apache.ibatis.session.defaults.DefaultSqlSession.selectList(DefaultSqlSession.java:150)
	at org.apache.ibatis.session.defaults.DefaultSqlSession.selectList(DefaultSqlSession.java:141)
	at sun.reflect.NativeMethodAccessorImpl.invoke0(Native Method)
	at sun.reflect.NativeMethodAccessorImpl.invoke(NativeMethodAccessorImpl.java:62)
	at sun.reflect.DelegatingMethodAccessorImpl.invoke(DelegatingMethodAccessorImpl.java:43)
	at java.lang.reflect.Method.invoke(Method.java:498)
	at org.mybatis.spring.SqlSessionTemplate$SqlSessionInterceptor.invoke(SqlSessionTemplate.java:433)
	... 63 common frames omitted
Caused by: org.springframework.jdbc.CannotGetJdbcConnectionException: Failed to obtain JDBC Connection; nested exception is java.sql.SQLTransientConnectionException: HikariPool-1 - Connection is not available, request timed out after 30043ms.
	at org.springframework.jdbc.datasource.DataSourceUtils.getConnection(DataSourceUtils.java:82)
	at org.mybatis.spring.transaction.SpringManagedTransaction.openConnection(SpringManagedTransaction.java:82)
	at org.mybatis.spring.transaction.SpringManagedTransaction.getConnection(SpringManagedTransaction.java:68)
	at org.apache.ibatis.executor.BaseExecutor.getConnection(BaseExecutor.java:338)
	at org.apache.ibatis.executor.SimpleExecutor.prepareStatement(SimpleExecutor.java:84)
	at org.apache.ibatis.executor.SimpleExecutor.doQuery(SimpleExecutor.java:62)
	at org.apache.ibatis.executor.BaseExecutor.queryFromDatabase(BaseExecutor.java:326)
	at org.apache.ibatis.executor.BaseExecutor.query(BaseExecutor.java:156)
	at org.apache.ibatis.executor.BaseExecutor.query(BaseExecutor.java:136)
	at org.apache.ibatis.session.defaults.DefaultSqlSession.selectList(DefaultSqlSession.java:148)
	... 69 common frames omitted
Caused by: java.sql.SQLTransientConnectionException: HikariPool-1 - Connection is not available, request timed out after 30043ms.
	at com.zaxxer.hikari.pool.HikariPool.createTimeoutException(HikariPool.java:696)
	at com.zaxxer.hikari.pool.HikariPool.getConnection(HikariPool.java:197)
	at com.zaxxer.hikari.pool.HikariPool.getConnection(HikariPool.java:162)
	at com.zaxxer.hikari.HikariDataSource.getConnection(HikariDataSource.java:128)
	at org.springframework.jdbc.datasource.DataSourceUtils.fetchConnection(DataSourceUtils.java:158)
	at org.springframework.jdbc.datasource.DataSourceUtils.doGetConnection(DataSourceUtils.java:116)
	at org.springframework.jdbc.datasource.DataSourceUtils.getConnection(DataSourceUtils.java:79)
	... 78 common frames omitted
Caused by: java.sql.SQLNonTransientConnectionException: No operations allowed after connection closed.
	at com.mysql.cj.jdbc.exceptions.SQLError.createSQLException(SQLError.java:110)
	at com.mysql.cj.jdbc.exceptions.SQLError.createSQLException(SQLError.java:97)
	at com.mysql.cj.jdbc.exceptions.SQLError.createSQLException(SQLError.java:89)
	at com.mysql.cj.jdbc.exceptions.SQLError.createSQLException(SQLError.java:63)
	at com.mysql.cj.jdbc.exceptions.SQLError.createSQLException(SQLError.java:73)
	at com.mysql.cj.jdbc.exceptions.SQLExceptionsMapping.translateException(SQLExceptionsMapping.java:73)
	at com.mysql.cj.jdbc.ConnectionImpl.setNetworkTimeout(ConnectionImpl.java:2480)
	at com.zaxxer.hikari.pool.PoolBase.setNetworkTimeout(PoolBase.java:566)
	at com.zaxxer.hikari.pool.PoolBase.isConnectionAlive(PoolBase.java:173)
	at com.zaxxer.hikari.pool.HikariPool.getConnection(HikariPool.java:186)
	... 83 common frames omitted
Caused by: com.mysql.cj.exceptions.ConnectionIsClosedException: No operations allowed after connection closed.
	at sun.reflect.GeneratedConstructorAccessor43.newInstance(Unknown Source)
	at sun.reflect.DelegatingConstructorAccessorImpl.newInstance(DelegatingConstructorAccessorImpl.java:45)
	at java.lang.reflect.Constructor.newInstance(Constructor.java:423)
	at com.mysql.cj.exceptions.ExceptionFactory.createException(ExceptionFactory.java:61)
	at com.mysql.cj.exceptions.ExceptionFactory.createException(ExceptionFactory.java:105)
	at com.mysql.cj.exceptions.ExceptionFactory.createException(ExceptionFactory.java:151)
	at com.mysql.cj.NativeSession.checkClosed(NativeSession.java:758)
	at com.mysql.cj.jdbc.ConnectionImpl.checkClosed(ConnectionImpl.java:568)
	at com.mysql.cj.jdbc.ConnectionImpl.setNetworkTimeout(ConnectionImpl.java:2476)
	... 86 common frames omitted
22:19:32.298 [http-nio-9280-exec-6] WARN  com.zaxxer.hikari.pool.PoolBase - HikariPool-1 - Failed to validate connection com.mysql.cj.jdbc.ConnectionImpl@19e7f61 (No operations allowed after connection closed.). Possibly consider using a shorter maxLifetime value.
22:19:37.305 [http-nio-9280-exec-6] WARN  com.zaxxer.hikari.pool.PoolBase - HikariPool-1 - Failed to validate connection com.mysql.cj.jdbc.ConnectionImpl@30d59f99 (No operations allowed after connection closed.). Possibly consider using a shorter maxLifetime value.
22:19:42.319 [http-nio-9280-exec-6] WARN  com.zaxxer.hikari.pool.PoolBase - HikariPool-1 - Failed to validate connection com.mysql.cj.jdbc.ConnectionImpl@1326905c (No operations allowed after connection closed.). Possibly consider using a shorter maxLifetime value.
22:19:42.346 [http-nio-9280-exec-6] WARN  com.zaxxer.hikari.pool.PoolBase - HikariPool-1 - Failed to validate connection com.mysql.cj.jdbc.ConnectionImpl@3394f590 (No operations allowed after connection closed.). Possibly consider using a shorter maxLifetime value.
22:19:43.497 [http-nio-9280-exec-9] WARN  com.zaxxer.hikari.pool.PoolBase - HikariPool-1 - Failed to validate connection com.mysql.cj.jdbc.ConnectionImpl@4305f651 (No operations allowed after connection closed.). Possibly consider using a shorter maxLifetime value.
22:19:47.348 [http-nio-9280-exec-6] WARN  com.zaxxer.hikari.pool.PoolBase - HikariPool-1 - Failed to validate connection com.mysql.cj.jdbc.ConnectionImpl@2fa18d2c (No operations allowed after connection closed.). Possibly consider using a shorter maxLifetime value.
22:19:48.504 [http-nio-9280-exec-9] WARN  com.zaxxer.hikari.pool.PoolBase - HikariPool-1 - Failed to validate connection com.mysql.cj.jdbc.ConnectionImpl@5c018a04 (No operations allowed after connection closed.). Possibly consider using a shorter maxLifetime value.
22:19:50.371 [http-nio-9280-exec-8] WARN  com.zaxxer.hikari.pool.PoolBase - HikariPool-1 - Failed to validate connection com.mysql.cj.jdbc.ConnectionImpl@7cce83e1 (No operations allowed after connection closed.). Possibly consider using a shorter maxLifetime value.
22:19:51.307 [http-nio-9280-exec-7] WARN  com.zaxxer.hikari.pool.PoolBase - HikariPool-1 - Failed to validate connection com.mysql.cj.jdbc.ConnectionImpl@1ebea7a5 (No operations allowed after connection closed.). Possibly consider using a shorter maxLifetime value.
22:19:52.356 [http-nio-9280-exec-6] WARN  com.zaxxer.hikari.pool.PoolBase - HikariPool-1 - Failed to validate connection com.mysql.cj.jdbc.ConnectionImpl@8225cf4 (No operations allowed after connection closed.). Possibly consider using a shorter maxLifetime value.
23:18:48.087 [http-nio-9280-exec-6] INFO  c.l.h.s.f.MyAuthenticationFilter - `/register` 接收到的参数: {"username":"13016939607","password":"123456"}
23:18:52.586 [http-nio-9280-exec-3] INFO  c.l.h.s.f.MyAuthenticationFilter - `/register` 接收到的参数: {"username":"13016939607","password":"123456"}
23:18:53.103 [http-nio-9280-exec-6] WARN  com.zaxxer.hikari.pool.PoolBase - HikariPool-1 - Failed to validate connection com.mysql.cj.jdbc.ConnectionImpl@52b8679f (No operations allowed after connection closed.). Possibly consider using a shorter maxLifetime value.
23:18:57.591 [http-nio-9280-exec-3] WARN  com.zaxxer.hikari.pool.PoolBase - HikariPool-1 - Failed to validate connection com.mysql.cj.jdbc.ConnectionImpl@7bca3709 (No operations allowed after connection closed.). Possibly consider using a shorter maxLifetime value.
23:18:58.111 [http-nio-9280-exec-6] WARN  com.zaxxer.hikari.pool.PoolBase - HikariPool-1 - Failed to validate connection com.mysql.cj.jdbc.ConnectionImpl@486744c0 (No operations allowed after connection closed.). Possibly consider using a shorter maxLifetime value.
23:19:02.599 [http-nio-9280-exec-3] WARN  com.zaxxer.hikari.pool.PoolBase - HikariPool-1 - Failed to validate connection com.mysql.cj.jdbc.ConnectionImpl@49d14ffb (No operations allowed after connection closed.). Possibly consider using a shorter maxLifetime value.
23:19:02.661 [http-nio-9280-exec-3] INFO  c.l.h.s.f.MyAuthenticationFilter - `/register`  耗时:10074ms  返回的参数: {"code":401,"message":"未登录!"}

23:19:03.122 [http-nio-9280-exec-6] WARN  com.zaxxer.hikari.pool.PoolBase - HikariPool-1 - Failed to validate connection com.mysql.cj.jdbc.ConnectionImpl@55ec268f (No operations allowed after connection closed.). Possibly consider using a shorter maxLifetime value.
23:19:03.204 [http-nio-9280-exec-6] INFO  c.l.h.s.f.MyAuthenticationFilter - `/register`  耗时:15117ms  返回的参数: {"code":401,"message":"未登录!"}

23:20:28.654 [SpringApplicationShutdownHook] INFO  com.zaxxer.hikari.HikariDataSource - HikariPool-1 - Shutdown initiated...
23:20:28.663 [SpringApplicationShutdownHook] INFO  com.zaxxer.hikari.HikariDataSource - HikariPool-1 - Shutdown completed.
23:20:32.084 [background-preinit] INFO  o.h.validator.internal.util.Version - HV000001: Hibernate Validator 5.4.1.Final
23:20:32.087 [main] INFO  com.lizy.helper.Application - Starting Application using Java 1.8.0_181 on dlionydeMacBook-Pro.local with PID 60512 (/Users/dliony/app_workspace/helper/target/classes started by dliony in /Users/dliony/app_workspace/helper)
23:20:32.089 [main] INFO  com.lizy.helper.Application - The following profiles are active: dev
23:20:33.407 [main] INFO  o.s.b.w.e.tomcat.TomcatWebServer - Tomcat initialized with port(s): 9280 (http)
23:20:33.415 [main] INFO  o.a.coyote.http11.Http11NioProtocol - Initializing ProtocolHandler ["http-nio-9280"]
23:20:33.415 [main] INFO  o.a.catalina.core.StandardService - Starting service [Tomcat]
23:20:33.415 [main] INFO  o.a.catalina.core.StandardEngine - Starting Servlet engine: [Apache Tomcat/9.0.52]
23:20:33.479 [main] INFO  o.a.c.c.C.[Tomcat].[localhost].[/] - Initializing Spring embedded WebApplicationContext
23:20:33.479 [main] INFO  o.s.b.w.s.c.ServletWebServerApplicationContext - Root WebApplicationContext: initialization completed in 1336 ms
23:20:33.704 [main] INFO  com.zaxxer.hikari.HikariDataSource - HikariPool-1 - Starting...
23:20:34.255 [main] INFO  com.zaxxer.hikari.HikariDataSource - HikariPool-1 - Start completed.
23:20:34.992 [main] INFO  o.s.s.web.DefaultSecurityFilterChain - Will secure Ant [pattern='/favicon.ico', GET] with []
23:20:34.992 [main] INFO  o.s.s.web.DefaultSecurityFilterChain - Will secure Ant [pattern='/**/*.png', GET] with []
23:20:34.992 [main] INFO  o.s.s.web.DefaultSecurityFilterChain - Will secure Ant [pattern='/**/*.ttf', GET] with []
23:20:34.992 [main] INFO  o.s.s.web.DefaultSecurityFilterChain - Will secure Ant [pattern='/*.html', GET] with []
23:20:34.992 [main] INFO  o.s.s.web.DefaultSecurityFilterChain - Will secure Ant [pattern='/**/*.css', GET] with []
23:20:34.992 [main] INFO  o.s.s.web.DefaultSecurityFilterChain - Will secure Ant [pattern='/**/*.js', GET] with []
23:20:35.031 [main] INFO  o.s.s.web.DefaultSecurityFilterChain - Will secure Ant [pattern='/**'] with [org.springframework.security.web.context.request.async.WebAsyncManagerIntegrationFilter@1f7e52d1, org.springframework.security.web.context.SecurityContextPersistenceFilter@59d5a6fd, org.springframework.security.web.header.HeaderWriterFilter@13ca16bf, org.springframework.web.filter.CorsFilter@36c07c75, org.springframework.security.web.authentication.logout.LogoutFilter@79f5a6ed, com.lizy.helper.security.filter.AdminAuthenticationProcessingFilter@70881123, com.lizy.helper.security.filter.MyAuthenticationFilter@6459f4ea, org.springframework.security.web.savedrequest.RequestCacheAwareFilter@4357524b, org.springframework.security.web.servletapi.SecurityContextHolderAwareRequestFilter@5323999f, org.springframework.security.web.authentication.rememberme.RememberMeAuthenticationFilter@65d9e72a, org.springframework.security.web.authentication.AnonymousAuthenticationFilter@e01a26b, org.springframework.security.web.session.SessionManagementFilter@44641d6c, org.springframework.security.web.access.ExceptionTranslationFilter@32e5af53, org.springframework.security.web.access.intercept.FilterSecurityInterceptor@52bba91a]
23:20:35.489 [main] INFO  o.a.coyote.http11.Http11NioProtocol - Starting ProtocolHandler ["http-nio-9280"]
23:20:35.516 [main] INFO  o.s.b.w.e.tomcat.TomcatWebServer - Tomcat started on port(s): 9280 (http) with context path ''
23:20:35.526 [main] INFO  com.lizy.helper.Application - Started Application in 4.021 seconds (JVM running for 4.657)
23:20:51.360 [http-nio-9280-exec-1] INFO  o.a.c.c.C.[Tomcat].[localhost].[/] - Initializing Spring DispatcherServlet 'dispatcherServlet'
23:20:51.360 [http-nio-9280-exec-1] INFO  o.s.web.servlet.DispatcherServlet - Initializing Servlet 'dispatcherServlet'
23:20:51.362 [http-nio-9280-exec-1] INFO  o.s.web.servlet.DispatcherServlet - Completed initialization in 1 ms
23:20:51.379 [http-nio-9280-exec-1] INFO  c.l.h.s.f.MyAuthenticationFilter - `/register` 接收到的参数: {"username":"13016939607","password":"123456"}
23:20:51.558 [http-nio-9280-exec-1] INFO  c.l.h.s.f.MyAuthenticationFilter - `/register`  耗时:180ms  返回的参数: {"code":401,"message":"未登录!"}

23:25:13.894 [http-nio-9280-exec-3] INFO  c.l.h.s.f.MyAuthenticationFilter - `/register` 接收到的参数: {"username":"13016939607","password":"123456"}
23:25:18.912 [http-nio-9280-exec-3] WARN  com.zaxxer.hikari.pool.PoolBase - HikariPool-1 - Failed to validate connection com.mysql.cj.jdbc.ConnectionImpl@49748800 (No operations allowed after connection closed.). Possibly consider using a shorter maxLifetime value.
23:25:23.915 [http-nio-9280-exec-3] WARN  com.zaxxer.hikari.pool.PoolBase - HikariPool-1 - Failed to validate connection com.mysql.cj.jdbc.ConnectionImpl@7dc54fe6 (No operations allowed after connection closed.). Possibly consider using a shorter maxLifetime value.
23:25:23.963 [http-nio-9280-exec-3] INFO  c.l.h.s.f.MyAuthenticationFilter - `/register`  耗时:10068ms  返回的参数: {"code":401,"message":"未登录!"}

23:25:37.668 [SpringApplicationShutdownHook] INFO  com.zaxxer.hikari.HikariDataSource - HikariPool-1 - Shutdown initiated...
23:25:37.672 [SpringApplicationShutdownHook] INFO  com.zaxxer.hikari.HikariDataSource - HikariPool-1 - Shutdown completed.
23:25:40.497 [main] INFO  com.lizy.helper.Application - Starting Application using Java 1.8.0_181 on dlionydeMacBook-Pro.local with PID 60826 (/Users/dliony/app_workspace/helper/target/classes started by dliony in /Users/dliony/app_workspace/helper)
23:25:40.494 [background-preinit] INFO  o.h.validator.internal.util.Version - HV000001: Hibernate Validator 5.4.1.Final
23:25:40.498 [main] INFO  com.lizy.helper.Application - The following profiles are active: dev
23:25:41.806 [main] INFO  o.s.b.w.e.tomcat.TomcatWebServer - Tomcat initialized with port(s): 9280 (http)
23:25:41.814 [main] INFO  o.a.coyote.http11.Http11NioProtocol - Initializing ProtocolHandler ["http-nio-9280"]
23:25:41.815 [main] INFO  o.a.catalina.core.StandardService - Starting service [Tomcat]
23:25:41.815 [main] INFO  o.a.catalina.core.StandardEngine - Starting Servlet engine: [Apache Tomcat/9.0.52]
23:25:41.883 [main] INFO  o.a.c.c.C.[Tomcat].[localhost].[/] - Initializing Spring embedded WebApplicationContext
23:25:41.883 [main] INFO  o.s.b.w.s.c.ServletWebServerApplicationContext - Root WebApplicationContext: initialization completed in 1337 ms
23:25:42.105 [main] INFO  com.zaxxer.hikari.HikariDataSource - HikariPool-1 - Starting...
23:25:42.448 [main] INFO  com.zaxxer.hikari.HikariDataSource - HikariPool-1 - Start completed.
23:25:43.114 [main] INFO  o.s.s.web.DefaultSecurityFilterChain - Will secure Ant [pattern='/favicon.ico', GET] with []
23:25:43.114 [main] INFO  o.s.s.web.DefaultSecurityFilterChain - Will secure Ant [pattern='/**/*.png', GET] with []
23:25:43.114 [main] INFO  o.s.s.web.DefaultSecurityFilterChain - Will secure Ant [pattern='/**/*.ttf', GET] with []
23:25:43.114 [main] INFO  o.s.s.web.DefaultSecurityFilterChain - Will secure Ant [pattern='/*.html', GET] with []
23:25:43.114 [main] INFO  o.s.s.web.DefaultSecurityFilterChain - Will secure Ant [pattern='/**/*.css', GET] with []
23:25:43.114 [main] INFO  o.s.s.web.DefaultSecurityFilterChain - Will secure Ant [pattern='/**/*.js', GET] with []
23:25:43.157 [main] INFO  o.s.s.web.DefaultSecurityFilterChain - Will secure Ant [pattern='/**'] with [org.springframework.security.web.context.request.async.WebAsyncManagerIntegrationFilter@7cdb7fc, org.springframework.security.web.context.SecurityContextPersistenceFilter@4601047, org.springframework.security.web.header.HeaderWriterFilter@5d5d3a5c, org.springframework.web.filter.CorsFilter@4f664bee, org.springframework.security.web.authentication.logout.LogoutFilter@43e8f1c, com.lizy.helper.security.filter.AdminAuthenticationProcessingFilter@52354202, com.lizy.helper.security.filter.MyAuthenticationFilter@14f060b8, org.springframework.security.web.savedrequest.RequestCacheAwareFilter@3a0896b3, org.springframework.security.web.servletapi.SecurityContextHolderAwareRequestFilter@6e00837f, org.springframework.security.web.authentication.rememberme.RememberMeAuthenticationFilter@29dcdd1c, org.springframework.security.web.authentication.AnonymousAuthenticationFilter@524f5ea5, org.springframework.security.web.session.SessionManagementFilter@7e18ced7, org.springframework.security.web.access.ExceptionTranslationFilter@22865072, org.springframework.security.web.access.intercept.FilterSecurityInterceptor@6d4a05f7]
23:25:43.686 [main] INFO  o.a.coyote.http11.Http11NioProtocol - Starting ProtocolHandler ["http-nio-9280"]
23:25:43.714 [main] INFO  o.s.b.w.e.tomcat.TomcatWebServer - Tomcat started on port(s): 9280 (http) with context path ''
23:25:43.724 [main] INFO  com.lizy.helper.Application - Started Application in 3.723 seconds (JVM running for 4.278)
23:31:22.054 [http-nio-9280-exec-1] INFO  o.a.c.c.C.[Tomcat].[localhost].[/] - Initializing Spring DispatcherServlet 'dispatcherServlet'
23:31:22.055 [http-nio-9280-exec-1] INFO  o.s.web.servlet.DispatcherServlet - Initializing Servlet 'dispatcherServlet'
23:31:22.056 [http-nio-9280-exec-1] INFO  o.s.web.servlet.DispatcherServlet - Completed initialization in 1 ms
23:31:22.073 [http-nio-9280-exec-1] INFO  c.l.h.s.f.MyAuthenticationFilter - `/register` 接收到的参数: {"username":"13016939607","password":"123456"}
23:31:25.953 [http-nio-9280-exec-2] INFO  c.l.h.s.f.MyAuthenticationFilter - `/register` 接收到的参数: {"username":"13016939607","password":"123456"}
23:31:39.755 [http-nio-9280-exec-3] INFO  c.l.h.s.f.MyAuthenticationFilter - `/register` 接收到的参数: {"username":"13016939607","password":"123456"}
23:31:44.037 [http-nio-9280-exec-4] INFO  c.l.h.s.f.MyAuthenticationFilter - `/register` 接收到的参数: {"username":"13016939607","password":"123456"}
23:32:22.403 [http-nio-9280-exec-6] INFO  c.l.h.s.f.MyAuthenticationFilter - `/app/register` 接收到的参数: {"username":"13016939607","password":"123456"}
23:32:27.461 [http-nio-9280-exec-6] WARN  com.zaxxer.hikari.pool.PoolBase - HikariPool-1 - Failed to validate connection com.mysql.cj.jdbc.ConnectionImpl@16323299 (No operations allowed after connection closed.). Possibly consider using a shorter maxLifetime value.
23:32:32.464 [http-nio-9280-exec-6] WARN  com.zaxxer.hikari.pool.PoolBase - HikariPool-1 - Failed to validate connection com.mysql.cj.jdbc.ConnectionImpl@3b89ade3 (No operations allowed after connection closed.). Possibly consider using a shorter maxLifetime value.
23:32:35.297 [http-nio-9280-exec-7] INFO  c.l.h.s.f.MyAuthenticationFilter - `/app/register` 接收到的参数: {"username":"13016939607","password":"123456"}
23:32:37.468 [http-nio-9280-exec-6] WARN  com.zaxxer.hikari.pool.PoolBase - HikariPool-1 - Failed to validate connection com.mysql.cj.jdbc.ConnectionImpl@5a40750a (No operations allowed after connection closed.). Possibly consider using a shorter maxLifetime value.
23:32:40.299 [http-nio-9280-exec-7] WARN  com.zaxxer.hikari.pool.PoolBase - HikariPool-1 - Failed to validate connection com.mysql.cj.jdbc.ConnectionImpl@3aa5d3b (No operations allowed after connection closed.). Possibly consider using a shorter maxLifetime value.
23:32:40.788 [http-nio-9280-exec-7] INFO  c.l.h.s.f.MyAuthenticationFilter - `/app/register`  耗时:5491ms  返回的参数: {"code":401,"message":"未登录!"}

23:32:42.472 [http-nio-9280-exec-6] WARN  com.zaxxer.hikari.pool.PoolBase - HikariPool-1 - Failed to validate connection com.mysql.cj.jdbc.ConnectionImpl@64a4fe (No operations allowed after connection closed.). Possibly consider using a shorter maxLifetime value.
23:32:42.530 [http-nio-9280-exec-6] INFO  c.l.h.s.f.MyAuthenticationFilter - `/app/register`  耗时:20126ms  返回的参数: {"code":401,"message":"未登录!"}

23:34:47.498 [http-nio-9280-exec-10] INFO  c.l.h.s.f.MyAuthenticationFilter - `/app/register` 接收到的参数: {"username":"13016939607","password":"123456"}
23:34:47.544 [http-nio-9280-exec-10] INFO  c.l.h.s.f.MyAuthenticationFilter - `/app/register`  耗时:45ms  返回的参数: {"code":401,"message":"未登录!"}

23:35:07.939 [SpringApplicationShutdownHook] INFO  com.zaxxer.hikari.HikariDataSource - HikariPool-1 - Shutdown initiated...
23:35:07.943 [SpringApplicationShutdownHook] INFO  com.zaxxer.hikari.HikariDataSource - HikariPool-1 - Shutdown completed.
23:35:27.449 [background-preinit] INFO  o.h.validator.internal.util.Version - HV000001: Hibernate Validator 5.4.1.Final
23:35:27.454 [main] INFO  com.lizy.helper.Application - Starting Application using Java 1.8.0_181 on dlionydeMacBook-Pro.local with PID 61412 (/Users/dliony/app_workspace/helper/target/classes started by dliony in /Users/dliony/app_workspace/helper)
23:35:27.454 [main] INFO  com.lizy.helper.Application - The following profiles are active: dev
23:35:28.797 [main] INFO  o.s.b.w.e.tomcat.TomcatWebServer - Tomcat initialized with port(s): 9280 (http)
23:35:28.805 [main] INFO  o.a.coyote.http11.Http11NioProtocol - Initializing ProtocolHandler ["http-nio-9280"]
23:35:28.805 [main] INFO  o.a.catalina.core.StandardService - Starting service [Tomcat]
23:35:28.805 [main] INFO  o.a.catalina.core.StandardEngine - Starting Servlet engine: [Apache Tomcat/9.0.52]
23:35:28.869 [main] INFO  o.a.c.c.C.[Tomcat].[localhost].[/] - Initializing Spring embedded WebApplicationContext
23:35:28.869 [main] INFO  o.s.b.w.s.c.ServletWebServerApplicationContext - Root WebApplicationContext: initialization completed in 1368 ms
23:35:29.085 [main] INFO  com.zaxxer.hikari.HikariDataSource - HikariPool-1 - Starting...
23:35:29.440 [main] INFO  com.zaxxer.hikari.HikariDataSource - HikariPool-1 - Start completed.
23:35:30.107 [main] INFO  o.s.s.web.DefaultSecurityFilterChain - Will secure Ant [pattern='/favicon.ico', GET] with []
23:35:30.107 [main] INFO  o.s.s.web.DefaultSecurityFilterChain - Will secure Ant [pattern='/**/*.png', GET] with []
23:35:30.107 [main] INFO  o.s.s.web.DefaultSecurityFilterChain - Will secure Ant [pattern='/**/*.ttf', GET] with []
23:35:30.107 [main] INFO  o.s.s.web.DefaultSecurityFilterChain - Will secure Ant [pattern='/*.html', GET] with []
23:35:30.107 [main] INFO  o.s.s.web.DefaultSecurityFilterChain - Will secure Ant [pattern='/**/*.css', GET] with []
23:35:30.107 [main] INFO  o.s.s.web.DefaultSecurityFilterChain - Will secure Ant [pattern='/**/*.js', GET] with []
23:35:30.150 [main] INFO  o.s.s.web.DefaultSecurityFilterChain - Will secure Ant [pattern='/**'] with [org.springframework.security.web.context.request.async.WebAsyncManagerIntegrationFilter@38c460e8, org.springframework.security.web.context.SecurityContextPersistenceFilter@2094bf3d, org.springframework.security.web.header.HeaderWriterFilter@6c07add6, org.springframework.web.filter.CorsFilter@6ddd1c51, org.springframework.security.web.authentication.logout.LogoutFilter@554566a8, com.lizy.helper.security.filter.AdminAuthenticationProcessingFilter@2bab618, com.lizy.helper.security.filter.MyAuthenticationFilter@1e40fbb3, org.springframework.security.web.savedrequest.RequestCacheAwareFilter@7f6b7426, org.springframework.security.web.servletapi.SecurityContextHolderAwareRequestFilter@1132baa3, org.springframework.security.web.authentication.rememberme.RememberMeAuthenticationFilter@b01cb8d, org.springframework.security.web.authentication.AnonymousAuthenticationFilter@7a814310, org.springframework.security.web.session.SessionManagementFilter@57a667c8, org.springframework.security.web.access.ExceptionTranslationFilter@267ff4df, org.springframework.security.web.access.intercept.FilterSecurityInterceptor@b56ec6c]
23:35:30.699 [main] INFO  o.a.coyote.http11.Http11NioProtocol - Starting ProtocolHandler ["http-nio-9280"]
23:35:30.727 [main] INFO  o.s.b.w.e.tomcat.TomcatWebServer - Tomcat started on port(s): 9280 (http) with context path ''
23:35:30.737 [main] INFO  com.lizy.helper.Application - Started Application in 3.781 seconds (JVM running for 4.343)
23:37:15.553 [http-nio-9280-exec-1] INFO  o.a.c.c.C.[Tomcat].[localhost].[/] - Initializing Spring DispatcherServlet 'dispatcherServlet'
23:37:15.554 [http-nio-9280-exec-1] INFO  o.s.web.servlet.DispatcherServlet - Initializing Servlet 'dispatcherServlet'
23:37:15.555 [http-nio-9280-exec-1] INFO  o.s.web.servlet.DispatcherServlet - Completed initialization in 1 ms
23:37:15.573 [http-nio-9280-exec-1] INFO  c.l.h.s.f.MyAuthenticationFilter - `/app/register` 接收到的参数: {"username":"13016939607","password":"123456"}
23:37:25.362 [http-nio-9280-exec-2] INFO  c.l.h.s.f.MyAuthenticationFilter - `/app/register` 接收到的参数: {"username":"13016939607","password":"123456"}
23:38:21.928 [SpringApplicationShutdownHook] INFO  com.zaxxer.hikari.HikariDataSource - HikariPool-1 - Shutdown initiated...
23:38:21.938 [SpringApplicationShutdownHook] INFO  com.zaxxer.hikari.HikariDataSource - HikariPool-1 - Shutdown completed.
23:38:25.119 [background-preinit] INFO  o.h.validator.internal.util.Version - HV000001: Hibernate Validator 5.4.1.Final
23:38:25.123 [main] INFO  com.lizy.helper.Application - Starting Application using Java 1.8.0_181 on dlionydeMacBook-Pro.local with PID 61600 (/Users/dliony/app_workspace/helper/target/classes started by dliony in /Users/dliony/app_workspace/helper)
23:38:25.124 [main] INFO  com.lizy.helper.Application - The following profiles are active: dev
23:38:26.523 [main] INFO  o.s.b.w.e.tomcat.TomcatWebServer - Tomcat initialized with port(s): 9280 (http)
23:38:26.531 [main] INFO  o.a.coyote.http11.Http11NioProtocol - Initializing ProtocolHandler ["http-nio-9280"]
23:38:26.532 [main] INFO  o.a.catalina.core.StandardService - Starting service [Tomcat]
23:38:26.532 [main] INFO  o.a.catalina.core.StandardEngine - Starting Servlet engine: [Apache Tomcat/9.0.52]
23:38:26.597 [main] INFO  o.a.c.c.C.[Tomcat].[localhost].[/] - Initializing Spring embedded WebApplicationContext
23:38:26.597 [main] INFO  o.s.b.w.s.c.ServletWebServerApplicationContext - Root WebApplicationContext: initialization completed in 1424 ms
23:38:26.842 [main] INFO  com.zaxxer.hikari.HikariDataSource - HikariPool-1 - Starting...
23:38:27.163 [main] INFO  com.zaxxer.hikari.HikariDataSource - HikariPool-1 - Start completed.
23:38:27.840 [main] INFO  o.s.s.web.DefaultSecurityFilterChain - Will secure Ant [pattern='/favicon.ico', GET] with []
23:38:27.841 [main] INFO  o.s.s.web.DefaultSecurityFilterChain - Will secure Ant [pattern='/**/*.png', GET] with []
23:38:27.841 [main] INFO  o.s.s.web.DefaultSecurityFilterChain - Will secure Ant [pattern='/**/*.ttf', GET] with []
23:38:27.841 [main] INFO  o.s.s.web.DefaultSecurityFilterChain - Will secure Ant [pattern='/*.html', GET] with []
23:38:27.841 [main] INFO  o.s.s.web.DefaultSecurityFilterChain - Will secure Ant [pattern='/**/*.css', GET] with []
23:38:27.841 [main] INFO  o.s.s.web.DefaultSecurityFilterChain - Will secure Ant [pattern='/**/*.js', GET] with []
23:38:27.880 [main] INFO  o.s.s.web.DefaultSecurityFilterChain - Will secure Ant [pattern='/**'] with [org.springframework.security.web.context.request.async.WebAsyncManagerIntegrationFilter@6df11e91, org.springframework.security.web.context.SecurityContextPersistenceFilter@1544ded3, org.springframework.security.web.header.HeaderWriterFilter@2bcda694, org.springframework.web.filter.CorsFilter@4c18516, org.springframework.security.web.authentication.logout.LogoutFilter@2bdab835, com.lizy.helper.security.filter.AdminAuthenticationProcessingFilter@73a6cc79, com.lizy.helper.security.filter.MyAuthenticationFilter@7e49ded, org.springframework.security.web.savedrequest.RequestCacheAwareFilter@28b458e6, org.springframework.security.web.servletapi.SecurityContextHolderAwareRequestFilter@5f56424d, org.springframework.security.web.authentication.rememberme.RememberMeAuthenticationFilter@173511ff, org.springframework.security.web.authentication.AnonymousAuthenticationFilter@1002d192, org.springframework.security.web.session.SessionManagementFilter@30036a18, org.springframework.security.web.access.ExceptionTranslationFilter@69feb4d9, org.springframework.security.web.access.intercept.FilterSecurityInterceptor@69a373fd]
23:38:28.363 [main] INFO  o.a.coyote.http11.Http11NioProtocol - Starting ProtocolHandler ["http-nio-9280"]
23:38:28.390 [main] INFO  o.s.b.w.e.tomcat.TomcatWebServer - Tomcat started on port(s): 9280 (http) with context path ''
23:38:28.401 [main] INFO  com.lizy.helper.Application - Started Application in 3.886 seconds (JVM running for 4.579)
23:38:58.545 [http-nio-9280-exec-1] INFO  o.a.c.c.C.[Tomcat].[localhost].[/] - Initializing Spring DispatcherServlet 'dispatcherServlet'
23:38:58.545 [http-nio-9280-exec-1] INFO  o.s.web.servlet.DispatcherServlet - Initializing Servlet 'dispatcherServlet'
23:38:58.547 [http-nio-9280-exec-1] INFO  o.s.web.servlet.DispatcherServlet - Completed initialization in 1 ms
23:38:58.573 [http-nio-9280-exec-1] INFO  c.l.h.s.f.MyAuthenticationFilter - `/app/user/register` 接收到的参数: {"username":"13016939607","password":"123456"}
23:39:01.584 [http-nio-9280-exec-2] INFO  c.l.h.s.f.MyAuthenticationFilter - `/app/user/register` 接收到的参数: {"username":"13016939607","password":"123456"}
23:40:24.997 [http-nio-9280-exec-4] INFO  c.l.h.s.f.MyAuthenticationFilter - `/app/user/register` 接收到的参数: {"username":"13016939607","password":"123456"}
23:41:18.834 [http-nio-9280-exec-6] INFO  c.l.h.s.f.MyAuthenticationFilter - `/app/user/register` 接收到的参数: {"username":"13016939607","password":"123456"}
23:42:11.598 [SpringApplicationShutdownHook] INFO  com.zaxxer.hikari.HikariDataSource - HikariPool-1 - Shutdown initiated...
23:42:11.604 [SpringApplicationShutdownHook] INFO  com.zaxxer.hikari.HikariDataSource - HikariPool-1 - Shutdown completed.
23:42:16.092 [background-preinit] INFO  o.h.validator.internal.util.Version - HV000001: Hibernate Validator 5.4.1.Final
23:42:16.096 [main] INFO  com.lizy.helper.Application - Starting Application using Java 1.8.0_181 on dlionydeMacBook-Pro.local with PID 61842 (/Users/dliony/app_workspace/helper/target/classes started by dliony in /Users/dliony/app_workspace/helper)
23:42:16.096 [main] INFO  com.lizy.helper.Application - The following profiles are active: dev
23:42:17.995 [main] INFO  o.s.b.w.e.tomcat.TomcatWebServer - Tomcat initialized with port(s): 9280 (http)
23:42:18.003 [main] INFO  o.a.coyote.http11.Http11NioProtocol - Initializing ProtocolHandler ["http-nio-9280"]
23:42:18.004 [main] INFO  o.a.catalina.core.StandardService - Starting service [Tomcat]
23:42:18.004 [main] INFO  o.a.catalina.core.StandardEngine - Starting Servlet engine: [Apache Tomcat/9.0.52]
23:42:18.062 [main] INFO  o.a.c.c.C.[Tomcat].[localhost].[/] - Initializing Spring embedded WebApplicationContext
23:42:18.062 [main] INFO  o.s.b.w.s.c.ServletWebServerApplicationContext - Root WebApplicationContext: initialization completed in 1875 ms
23:42:18.344 [main] INFO  com.zaxxer.hikari.HikariDataSource - HikariPool-1 - Starting...
23:42:18.696 [main] INFO  com.zaxxer.hikari.HikariDataSource - HikariPool-1 - Start completed.
23:42:19.642 [main] INFO  o.s.s.web.DefaultSecurityFilterChain - Will secure Ant [pattern='/favicon.ico', GET] with []
23:42:19.642 [main] INFO  o.s.s.web.DefaultSecurityFilterChain - Will secure Ant [pattern='/**/*.png', GET] with []
23:42:19.642 [main] INFO  o.s.s.web.DefaultSecurityFilterChain - Will secure Ant [pattern='/**/*.ttf', GET] with []
23:42:19.642 [main] INFO  o.s.s.web.DefaultSecurityFilterChain - Will secure Ant [pattern='/*.html', GET] with []
23:42:19.642 [main] INFO  o.s.s.web.DefaultSecurityFilterChain - Will secure Ant [pattern='/**/*.css', GET] with []
23:42:19.642 [main] INFO  o.s.s.web.DefaultSecurityFilterChain - Will secure Ant [pattern='/**/*.js', GET] with []
23:42:19.689 [main] INFO  o.s.s.web.DefaultSecurityFilterChain - Will secure Ant [pattern='/**'] with [org.springframework.security.web.context.request.async.WebAsyncManagerIntegrationFilter@7b91d9f, org.springframework.security.web.context.SecurityContextPersistenceFilter@37d699a1, org.springframework.security.web.header.HeaderWriterFilter@589fb74d, org.springframework.web.filter.CorsFilter@7c70aae1, org.springframework.security.web.authentication.logout.LogoutFilter@20ffb8d5, com.lizy.helper.security.filter.AdminAuthenticationProcessingFilter@3313d477, com.lizy.helper.security.filter.MyAuthenticationFilter@666618d6, org.springframework.security.web.savedrequest.RequestCacheAwareFilter@8eb6f9a, org.springframework.security.web.servletapi.SecurityContextHolderAwareRequestFilter@6c07add6, org.springframework.security.web.authentication.rememberme.RememberMeAuthenticationFilter@24691c5, org.springframework.security.web.authentication.AnonymousAuthenticationFilter@6537ac, org.springframework.security.web.session.SessionManagementFilter@7de147e9, org.springframework.security.web.access.ExceptionTranslationFilter@5db0003d, org.springframework.security.web.access.intercept.FilterSecurityInterceptor@34d9df9f]
23:42:20.304 [main] INFO  o.a.coyote.http11.Http11NioProtocol - Starting ProtocolHandler ["http-nio-9280"]
23:42:20.341 [main] INFO  o.s.b.w.e.tomcat.TomcatWebServer - Tomcat started on port(s): 9280 (http) with context path ''
23:42:20.356 [main] INFO  com.lizy.helper.Application - Started Application in 4.821 seconds (JVM running for 5.614)
23:42:48.409 [http-nio-9280-exec-1] INFO  o.a.c.c.C.[Tomcat].[localhost].[/] - Initializing Spring DispatcherServlet 'dispatcherServlet'
23:42:48.411 [http-nio-9280-exec-1] INFO  o.s.web.servlet.DispatcherServlet - Initializing Servlet 'dispatcherServlet'
23:42:48.412 [http-nio-9280-exec-1] INFO  o.s.web.servlet.DispatcherServlet - Completed initialization in 1 ms
23:42:48.434 [http-nio-9280-exec-1] INFO  c.l.h.s.f.MyAuthenticationFilter - `/app/user/register` 接收到的参数: {"username":"13016939607","password":"123456"}
23:42:48.667 [http-nio-9280-exec-1] INFO  c.l.h.m.c.i.SystemLogAspect - **********   Url: http://127.0.0.1:9280/app/user/register, Start: 2021-08-27 23:42:48:521, End: 2021-08-27 23:42:48:665, Total: 144ms, Code: 200   **********
23:42:48.758 [http-nio-9280-exec-1] INFO  c.l.h.s.f.MyAuthenticationFilter - `/app/user/register`  耗时:325ms  返回的参数: {"message":"注册成功!","code":200,"data":null}
23:45:22.042 [http-nio-9280-exec-9] INFO  c.l.h.s.f.MyAuthenticationFilter - `/app/user/register` 接收到的参数: {"username":"13016939607","password":"123456"}
23:45:22.119 [http-nio-9280-exec-9] INFO  c.l.h.m.c.i.SystemLogAspect - **********   Url: http://127.0.0.1:9280/app/user/register, Start: 2021-08-27 23:45:22:044, End: 2021-08-27 23:45:22:119, Total: 75ms, Code: 200   **********
23:45:22.165 [http-nio-9280-exec-9] INFO  c.l.h.s.f.MyAuthenticationFilter - `/app/user/register`  耗时:122ms  返回的参数: {"message":"注册成功!","code":200,"data":null}
23:49:05.657 [http-nio-9280-exec-1] INFO  c.l.h.s.f.MyAuthenticationFilter - `/app/user/register` 接收到的参数: {"username":"13016939607","password":"123456"}
23:49:05.735 [http-nio-9280-exec-1] INFO  c.l.h.m.c.i.SystemLogAspect - **********   Url: http://127.0.0.1:9280/app/user/register, Start: 2021-08-27 23:49:05:658, End: 2021-08-27 23:49:05:735, Total: 77ms, Code: 200   **********
23:49:05.778 [http-nio-9280-exec-1] INFO  c.l.h.s.f.MyAuthenticationFilter - `/app/user/register`  耗时:121ms  返回的参数: {"message":"注册成功!","code":200,"data":null}
23:57:25.606 [SpringApplicationShutdownHook] INFO  com.zaxxer.hikari.HikariDataSource - HikariPool-1 - Shutdown initiated...
23:57:25.622 [SpringApplicationShutdownHook] INFO  com.zaxxer.hikari.HikariDataSource - HikariPool-1 - Shutdown completed.
23:57:30.614 [background-preinit] INFO  o.h.validator.internal.util.Version - HV000001: Hibernate Validator 5.4.1.Final
23:57:30.644 [main] INFO  com.lizy.helper.Application - Starting Application using Java 1.8.0_181 on dlionydeMacBook-Pro.local with PID 62818 (/Users/dliony/app_workspace/helper/target/classes started by dliony in /Users/dliony/app_workspace/helper)
23:57:30.645 [main] INFO  com.lizy.helper.Application - The following profiles are active: dev
23:57:32.285 [main] INFO  o.s.b.w.e.tomcat.TomcatWebServer - Tomcat initialized with port(s): 9280 (http)
23:57:32.293 [main] INFO  o.a.coyote.http11.Http11NioProtocol - Initializing ProtocolHandler ["http-nio-9280"]
23:57:32.293 [main] INFO  o.a.catalina.core.StandardService - Starting service [Tomcat]
23:57:32.293 [main] INFO  o.a.catalina.core.StandardEngine - Starting Servlet engine: [Apache Tomcat/9.0.52]
23:57:32.357 [main] INFO  o.a.c.c.C.[Tomcat].[localhost].[/] - Initializing Spring embedded WebApplicationContext
23:57:32.357 [main] INFO  o.s.b.w.s.c.ServletWebServerApplicationContext - Root WebApplicationContext: initialization completed in 1611 ms
23:57:32.590 [main] INFO  com.zaxxer.hikari.HikariDataSource - HikariPool-1 - Starting...
23:57:32.885 [main] INFO  com.zaxxer.hikari.HikariDataSource - HikariPool-1 - Start completed.
23:57:33.672 [main] INFO  o.s.s.web.DefaultSecurityFilterChain - Will secure Ant [pattern='/favicon.ico', GET] with []
23:57:33.673 [main] INFO  o.s.s.web.DefaultSecurityFilterChain - Will secure Ant [pattern='/**/*.png', GET] with []
23:57:33.673 [main] INFO  o.s.s.web.DefaultSecurityFilterChain - Will secure Ant [pattern='/**/*.ttf', GET] with []
23:57:33.673 [main] INFO  o.s.s.web.DefaultSecurityFilterChain - Will secure Ant [pattern='/*.html', GET] with []
23:57:33.673 [main] INFO  o.s.s.web.DefaultSecurityFilterChain - Will secure Ant [pattern='/**/*.css', GET] with []
23:57:33.673 [main] INFO  o.s.s.web.DefaultSecurityFilterChain - Will secure Ant [pattern='/**/*.js', GET] with []
23:57:33.718 [main] INFO  o.s.s.web.DefaultSecurityFilterChain - Will secure Ant [pattern='/**'] with [org.springframework.security.web.context.request.async.WebAsyncManagerIntegrationFilter@362a561e, org.springframework.security.web.context.SecurityContextPersistenceFilter@394a6d2b, org.springframework.security.web.header.HeaderWriterFilter@1d17423f, org.springframework.web.filter.CorsFilter@2726a511, org.springframework.security.web.authentication.logout.LogoutFilter@f03ee8f, com.lizy.helper.security.filter.AdminAuthenticationProcessingFilter@2b6fb197, com.lizy.helper.security.filter.MyAuthenticationFilter@1c5d3a37, org.springframework.security.web.savedrequest.RequestCacheAwareFilter@55adcf9e, org.springframework.security.web.servletapi.SecurityContextHolderAwareRequestFilter@64c25a62, org.springframework.security.web.authentication.rememberme.RememberMeAuthenticationFilter@4a660b34, org.springframework.security.web.authentication.AnonymousAuthenticationFilter@2df3545d, org.springframework.security.web.session.SessionManagementFilter@582dcd35, org.springframework.security.web.access.ExceptionTranslationFilter@6a5dd083, org.springframework.security.web.access.intercept.FilterSecurityInterceptor@1d1bf7bf]
23:57:34.180 [main] INFO  o.a.coyote.http11.Http11NioProtocol - Starting ProtocolHandler ["http-nio-9280"]
23:57:34.210 [main] INFO  o.s.b.w.e.tomcat.TomcatWebServer - Tomcat started on port(s): 9280 (http) with context path ''
23:57:34.223 [main] INFO  com.lizy.helper.Application - Started Application in 4.245 seconds (JVM running for 4.88)
23:58:36.347 [http-nio-9280-exec-1] INFO  o.a.c.c.C.[Tomcat].[localhost].[/] - Initializing Spring DispatcherServlet 'dispatcherServlet'
23:58:36.347 [http-nio-9280-exec-1] INFO  o.s.web.servlet.DispatcherServlet - Initializing Servlet 'dispatcherServlet'
23:58:36.348 [http-nio-9280-exec-1] INFO  o.s.web.servlet.DispatcherServlet - Completed initialization in 1 ms
23:58:36.374 [http-nio-9280-exec-1] INFO  c.l.h.s.f.MyAuthenticationFilter - `/app/user/register` 接收到的参数: {"username":"13016939607","password":"lzy123"}
23:58:37.133 [http-nio-9280-exec-1] INFO  c.l.h.m.c.i.SystemLogAspect - **********   Url: http://127.0.0.1:9280/app/user/register, Start: 2021-08-27 23:58:36:491, End: 2021-08-27 23:58:37:131, Total: 640ms, Code: 200   **********
23:58:37.214 [http-nio-9280-exec-1] INFO  c.l.h.s.f.MyAuthenticationFilter - `/app/user/register`  耗时:841ms  返回的参数: {"message":"注册成功!","code":200,"data":null}
